<?xml version='1.0'?> 
<!DOCTYPE coverage SYSTEM "http://cobertura.sourceforge.net/xml/coverage-04.dtd">
<!-- Generated by simplecov-cobertura version 2.1.0 (https://github.com/dashingrocket/simplecov-cobertura) -->
<coverage line-rate="0.85" lines-covered="275" lines-valid="324" complexity="0" version="0" timestamp="1715608928">
  <sources>
    <source>/Users/samuelgray/Projects/rails/orangejuice</source>
  </sources>
  <packages>
    <package name="orangejuice" line-rate="0.85" complexity="0">
      <classes>
        <class name="application_controller" filename="app/controllers/application_controller.rb" line-rate="1.0" complexity="0">
          <methods/>
          <lines>
            <line number="1" hits="1"/>
          </lines>
        </class>
        <class name="posts_controller" filename="app/controllers/discussions/posts_controller.rb" line-rate="0.57" complexity="0">
          <methods/>
          <lines>
            <line number="1" hits="1"/>
            <line number="2" hits="1"/>
            <line number="3" hits="1"/>
            <line number="4" hits="1"/>
            <line number="5" hits="1"/>
            <line number="8" hits="1"/>
            <line number="9" hits="0"/>
            <line number="10" hits="0"/>
            <line number="14" hits="1"/>
            <line number="15" hits="1"/>
            <line number="19" hits="1"/>
            <line number="20" hits="0"/>
            <line number="21" hits="0"/>
            <line number="22" hits="0"/>
            <line number="23" hits="0"/>
            <line number="27" hits="1"/>
            <line number="28" hits="0"/>
            <line number="32" hits="1"/>
            <line number="33" hits="1"/>
            <line number="34" hits="1"/>
            <line number="35" hits="1"/>
            <line number="37" hits="1"/>
            <line number="38" hits="1"/>
            <line number="39" hits="2"/>
            <line number="40" hits="1"/>
            <line number="42" hits="0"/>
            <line number="43" hits="0"/>
            <line number="49" hits="1"/>
            <line number="50" hits="0"/>
            <line number="51" hits="0"/>
            <line number="52" hits="0"/>
            <line number="53" hits="0"/>
            <line number="55" hits="0"/>
            <line number="56" hits="0"/>
            <line number="62" hits="1"/>
            <line number="63" hits="0"/>
            <line number="64" hits="0"/>
            <line number="66" hits="0"/>
            <line number="67" hits="0"/>
            <line number="68" hits="0"/>
            <line number="72" hits="1"/>
            <line number="74" hits="1"/>
            <line number="75" hits="1"/>
            <line number="78" hits="1"/>
            <line number="79" hits="2"/>
            <line number="82" hits="1"/>
            <line number="83" hits="2"/>
            <line number="87" hits="1"/>
            <line number="88" hits="1"/>
            <line number="91" hits="1"/>
            <line number="92" hits="0"/>
            <line number="94" hits="0"/>
            <line number="95" hits="0"/>
          </lines>
        </class>
        <class name="discussions_controller" filename="app/controllers/discussions_controller.rb" line-rate="0.83" complexity="0">
          <methods/>
          <lines>
            <line number="1" hits="1"/>
            <line number="2" hits="1"/>
            <line number="3" hits="1"/>
            <line number="4" hits="1"/>
            <line number="7" hits="1"/>
            <line number="8" hits="1"/>
            <line number="9" hits="1"/>
            <line number="13" hits="1"/>
            <line number="14" hits="1"/>
            <line number="18" hits="1"/>
            <line number="19" hits="1"/>
            <line number="20" hits="1"/>
            <line number="21" hits="1"/>
            <line number="25" hits="1"/>
            <line number="26" hits="1"/>
            <line number="30" hits="1"/>
            <line number="31" hits="1"/>
            <line number="32" hits="1"/>
            <line number="34" hits="1"/>
            <line number="35" hits="1"/>
            <line number="36" hits="2"/>
            <line number="37" hits="1"/>
            <line number="39" hits="0"/>
            <line number="40" hits="0"/>
            <line number="46" hits="1"/>
            <line number="47" hits="0"/>
            <line number="48" hits="0"/>
            <line number="49" hits="0"/>
            <line number="50" hits="0"/>
            <line number="52" hits="0"/>
            <line number="53" hits="0"/>
            <line number="59" hits="1"/>
            <line number="60" hits="1"/>
            <line number="62" hits="1"/>
            <line number="63" hits="2"/>
            <line number="64" hits="1"/>
            <line number="68" hits="1"/>
            <line number="70" hits="1"/>
            <line number="71" hits="6"/>
            <line number="75" hits="1"/>
            <line number="76" hits="1"/>
            <line number="79" hits="1"/>
            <line number="80" hits="9"/>
            <line number="83" hits="1"/>
            <line number="84" hits="5"/>
            <line number="86" hits="3"/>
            <line number="87" hits="3"/>
          </lines>
        </class>
        <class name="posts_controller" filename="app/controllers/posts_controller.rb" line-rate="0.76" complexity="0">
          <methods/>
          <lines>
            <line number="1" hits="1"/>
            <line number="2" hits="1"/>
            <line number="3" hits="1"/>
            <line number="4" hits="1"/>
            <line number="7" hits="1"/>
            <line number="8" hits="1"/>
            <line number="9" hits="1"/>
            <line number="13" hits="1"/>
            <line number="14" hits="0"/>
            <line number="18" hits="1"/>
            <line number="19" hits="1"/>
            <line number="20" hits="1"/>
            <line number="24" hits="1"/>
            <line number="25" hits="1"/>
            <line number="29" hits="1"/>
            <line number="30" hits="0"/>
            <line number="31" hits="0"/>
            <line number="33" hits="0"/>
            <line number="34" hits="0"/>
            <line number="35" hits="0"/>
            <line number="36" hits="0"/>
            <line number="38" hits="0"/>
            <line number="39" hits="0"/>
            <line number="45" hits="1"/>
            <line number="46" hits="1"/>
            <line number="47" hits="1"/>
            <line number="48" hits="2"/>
            <line number="49" hits="1"/>
            <line number="51" hits="0"/>
            <line number="52" hits="0"/>
            <line number="58" hits="1"/>
            <line number="59" hits="1"/>
            <line number="60" hits="1"/>
            <line number="62" hits="1"/>
            <line number="63" hits="2"/>
            <line number="64" hits="1"/>
            <line number="68" hits="1"/>
            <line number="71" hits="1"/>
            <line number="72" hits="3"/>
            <line number="76" hits="1"/>
            <line number="77" hits="1"/>
            <line number="80" hits="1"/>
            <line number="81" hits="6"/>
            <line number="83" hits="1"/>
            <line number="84" hits="2"/>
            <line number="85" hits="1"/>
          </lines>
        </class>
        <class name="roles_controller" filename="app/controllers/roles_controller.rb" line-rate="0.83" complexity="0">
          <methods/>
          <lines>
            <line number="1" hits="1"/>
            <line number="2" hits="1"/>
            <line number="3" hits="1"/>
            <line number="4" hits="1"/>
            <line number="7" hits="1"/>
            <line number="8" hits="1"/>
            <line number="12" hits="1"/>
            <line number="16" hits="1"/>
            <line number="17" hits="1"/>
            <line number="21" hits="1"/>
            <line number="25" hits="1"/>
            <line number="26" hits="1"/>
            <line number="28" hits="1"/>
            <line number="29" hits="1"/>
            <line number="30" hits="2"/>
            <line number="31" hits="1"/>
            <line number="33" hits="0"/>
            <line number="34" hits="0"/>
            <line number="40" hits="1"/>
            <line number="41" hits="1"/>
            <line number="42" hits="1"/>
            <line number="43" hits="2"/>
            <line number="44" hits="1"/>
            <line number="46" hits="0"/>
            <line number="47" hits="0"/>
            <line number="53" hits="1"/>
            <line number="54" hits="1"/>
            <line number="56" hits="1"/>
            <line number="57" hits="2"/>
            <line number="58" hits="1"/>
            <line number="62" hits="1"/>
            <line number="64" hits="1"/>
            <line number="65" hits="4"/>
            <line number="69" hits="1"/>
            <line number="70" hits="2"/>
            <line number="73" hits="1"/>
            <line number="74" hits="7"/>
            <line number="76" hits="0"/>
            <line number="77" hits="0"/>
            <line number="78" hits="0"/>
          </lines>
        </class>
        <class name="application_helper" filename="app/helpers/application_helper.rb" line-rate="1.0" complexity="0">
          <methods/>
          <lines>
            <line number="1" hits="1"/>
            <line number="2" hits="1"/>
            <line number="3" hits="12"/>
            <line number="4" hits="8"/>
            <line number="6" hits="4"/>
          </lines>
        </class>
        <class name="discussions_helper" filename="app/helpers/discussions_helper.rb" line-rate="1.0" complexity="0">
          <methods/>
          <lines>
            <line number="1" hits="1"/>
          </lines>
        </class>
        <class name="posts_helper" filename="app/helpers/posts_helper.rb" line-rate="1.0" complexity="0">
          <methods/>
          <lines>
            <line number="1" hits="1"/>
          </lines>
        </class>
        <class name="roles_helper" filename="app/helpers/roles_helper.rb" line-rate="1.0" complexity="0">
          <methods/>
          <lines>
            <line number="1" hits="1"/>
          </lines>
        </class>
        <class name="discussion" filename="app/models/discussion.rb" line-rate="1.0" complexity="0">
          <methods/>
          <lines>
            <line number="1" hits="1"/>
            <line number="2" hits="1"/>
            <line number="3" hits="1"/>
          </lines>
        </class>
        <class name="post" filename="app/models/post.rb" line-rate="1.0" complexity="0">
          <methods/>
          <lines>
            <line number="1" hits="1"/>
            <line number="2" hits="1"/>
            <line number="3" hits="1"/>
          </lines>
        </class>
        <class name="role" filename="app/models/role.rb" line-rate="1.0" complexity="0">
          <methods/>
          <lines>
            <line number="1" hits="1"/>
            <line number="2" hits="1"/>
          </lines>
        </class>
        <class name="discussions_controller_test" filename="test/controllers/discussions_controller_test.rb" line-rate="1.0" complexity="0">
          <methods/>
          <lines>
            <line number="1" hits="1"/>
            <line number="3" hits="1"/>
            <line number="4" hits="1"/>
            <line number="6" hits="1"/>
            <line number="7" hits="9"/>
            <line number="10" hits="1"/>
            <line number="11" hits="1"/>
            <line number="12" hits="1"/>
            <line number="15" hits="1"/>
            <line number="16" hits="1"/>
            <line number="17" hits="1"/>
            <line number="20" hits="1"/>
            <line number="21" hits="1"/>
            <line number="22" hits="1"/>
            <line number="23" hits="1"/>
            <line number="26" hits="1"/>
            <line number="29" hits="1"/>
            <line number="30" hits="1"/>
            <line number="31" hits="1"/>
            <line number="32" hits="1"/>
            <line number="35" hits="1"/>
            <line number="36" hits="1"/>
            <line number="37" hits="1"/>
            <line number="40" hits="1"/>
            <line number="41" hits="1"/>
            <line number="42" hits="1"/>
            <line number="43" hits="1"/>
            <line number="46" hits="1"/>
            <line number="47" hits="1"/>
            <line number="48" hits="1"/>
            <line number="51" hits="1"/>
            <line number="52" hits="1"/>
            <line number="53" hits="1"/>
            <line number="54" hits="1"/>
            <line number="57" hits="1"/>
            <line number="60" hits="1"/>
            <line number="61" hits="1"/>
            <line number="62" hits="1"/>
            <line number="65" hits="1"/>
          </lines>
        </class>
        <class name="posts_controller_test" filename="test/controllers/posts_controller_test.rb" line-rate="1.0" complexity="0">
          <methods/>
          <lines>
            <line number="1" hits="1"/>
            <line number="3" hits="1"/>
            <line number="4" hits="1"/>
            <line number="6" hits="1"/>
            <line number="7" hits="10"/>
            <line number="10" hits="1"/>
            <line number="11" hits="1"/>
            <line number="12" hits="1"/>
            <line number="13" hits="1"/>
            <line number="16" hits="1"/>
            <line number="17" hits="1"/>
            <line number="18" hits="1"/>
            <line number="21" hits="1"/>
            <line number="22" hits="1"/>
            <line number="23" hits="1"/>
            <line number="24" hits="1"/>
            <line number="27" hits="1"/>
            <line number="28" hits="1"/>
            <line number="29" hits="1"/>
            <line number="30" hits="1"/>
            <line number="33" hits="1"/>
            <line number="34" hits="1"/>
            <line number="35" hits="1"/>
            <line number="36" hits="1"/>
            <line number="40" hits="1"/>
            <line number="43" hits="1"/>
            <line number="44" hits="1"/>
            <line number="45" hits="1"/>
            <line number="48" hits="1"/>
            <line number="49" hits="1"/>
            <line number="50" hits="1"/>
            <line number="53" hits="1"/>
            <line number="54" hits="1"/>
            <line number="55" hits="1"/>
            <line number="56" hits="1"/>
            <line number="59" hits="1"/>
            <line number="60" hits="1"/>
            <line number="61" hits="1"/>
            <line number="62" hits="1"/>
            <line number="65" hits="1"/>
            <line number="66" hits="1"/>
            <line number="67" hits="1"/>
            <line number="68" hits="1"/>
            <line number="71" hits="1"/>
          </lines>
        </class>
        <class name="roles_controller_test" filename="test/controllers/roles_controller_test.rb" line-rate="1.0" complexity="0">
          <methods/>
          <lines>
            <line number="1" hits="1"/>
            <line number="3" hits="1"/>
            <line number="4" hits="1"/>
            <line number="6" hits="1"/>
            <line number="7" hits="7"/>
            <line number="8" hits="7"/>
            <line number="11" hits="1"/>
            <line number="12" hits="1"/>
            <line number="13" hits="1"/>
            <line number="16" hits="1"/>
            <line number="17" hits="1"/>
            <line number="18" hits="1"/>
            <line number="21" hits="1"/>
            <line number="22" hits="1"/>
            <line number="23" hits="1"/>
            <line number="26" hits="1"/>
            <line number="29" hits="1"/>
            <line number="30" hits="1"/>
            <line number="31" hits="1"/>
            <line number="34" hits="1"/>
            <line number="35" hits="1"/>
            <line number="36" hits="1"/>
            <line number="39" hits="1"/>
            <line number="40" hits="1"/>
            <line number="41" hits="1"/>
            <line number="44" hits="1"/>
            <line number="46" hits="1"/>
            <line number="47" hits="1"/>
            <line number="48" hits="1"/>
            <line number="51" hits="1"/>
          </lines>
        </class>
        <class name="discussion_test" filename="test/models/discussion_test.rb" line-rate="1.0" complexity="0">
          <methods/>
          <lines>
            <line number="1" hits="1"/>
            <line number="3" hits="1"/>
          </lines>
        </class>
        <class name="post_test" filename="test/models/post_test.rb" line-rate="1.0" complexity="0">
          <methods/>
          <lines>
            <line number="1" hits="1"/>
            <line number="3" hits="1"/>
          </lines>
        </class>
        <class name="role_test" filename="test/models/role_test.rb" line-rate="1.0" complexity="0">
          <methods/>
          <lines>
            <line number="1" hits="1"/>
            <line number="3" hits="1"/>
          </lines>
        </class>
        <class name="user_test" filename="test/models/user_test.rb" line-rate="1.0" complexity="0">
          <methods/>
          <lines>
            <line number="1" hits="1"/>
            <line number="3" hits="1"/>
          </lines>
        </class>
      </classes>
    </package>
  </packages>
</coverage>